<testsuite failures="0" name="src/test/java/featurefiles/splunk.feature" skipped="0" tests="2" time="0.614717">
  <testcase classname="src.test.java.featurefiles.splunk" name="Job Search 1" time="0.514663">
    <system-out>* def login = ............................................................. passed
* def auth = login("admin", "Admin123") ................................... passed
* print auth .............................................................. passed
* configure ssl = true .................................................... passed
Given url "https://192.168.1.90:8089" ..................................... passed
And header Authorization = auth ........................................... passed
Given path "/services/search/jobs" ........................................ passed
When method get ........................................................... passed
Then status 200 ........................................................... passed
* print responseType ...................................................... passed
* def title = get response //feed/title ................................... passed
* print title ............................................................. passed
* match title == "jobs" ................................................... passed</system-out>
  </testcase>
  <testcase classname="src.test.java.featurefiles.splunk" name="Alert Search 1" time="0.100055">
    <system-out>* def login = ............................................................. passed
* def auth = login("admin", "Admin123") ................................... passed
* print auth .............................................................. passed
* configure ssl = true .................................................... passed
Given url "https://192.168.1.90:8089" ..................................... passed
And header Authorization = auth ........................................... passed
Given path "/services/search/jobs" ........................................ passed
When method get ........................................................... passed
Then status 200 ........................................................... passed
* print responseType ...................................................... passed
* def title = get response //feed/title ................................... passed
* print title ............................................................. passed
* match title == "jobs" ................................................... passed
* def login = ............................................................. passed
* def auth = login("admin", "Admin123") ................................... passed
* print auth .............................................................. passed
* configure ssl = true .................................................... passed
Given url "https://192.168.1.90:8089" ..................................... passed
And header Authorization = auth ........................................... passed
Given path "/services/alerts/alert_actions" ............................... passed
When method get ........................................................... passed
Then status 200 ........................................................... passed
* print responseType ...................................................... passed
* def title = get response //feed/title ................................... passed
* print title ............................................................. passed
* match title == "alert_actions" .......................................... passed</system-out>
  </testcase>
</testsuite>
