<testsuite failures="0" name="src/test/java/featurefiles/karate.15.feature" skipped="0" tests="1" time="0.084189">
  <testcase classname="src.test.java.featurefiles.karate.15" name="ex 2" time="0.084189">
    <system-out>* def custid = 1234 ....................................................... passed
* def res2 = read("classpath:res2.json") .................................. passed
* print res2 .............................................................. passed</system-out>
  </testcase>
</testsuite>
