<testsuite failures="0" name="src/test/java/featurefiles/karateconfigexample.feature" skipped="0" tests="1" time="0.659299">
  <testcase classname="src.test.java.featurefiles.karateconfigexample" name="config file reading" time="0.659299">
    <system-out>Given url baseUrl ......................................................... passed
And path listUsers ........................................................ passed
When method GET ........................................................... passed
Then status 200 ........................................................... passed</system-out>
  </testcase>
</testsuite>
