<testsuite failures="0" name="src/test/java/featurefiles/Calling.feature" skipped="0" tests="1" time="1.189602">
  <testcase classname="src.test.java.featurefiles.Calling" name="calling feature test" time="1.189602">
    <system-out>* def result = call read("Called.feature") ................................ passed
* print result ............................................................ passed
* match result.responseType == 'json' ..................................... passed
* match result.responseHeaders.Transfer-Encoding[0] == 'chunked' .......... passed
* match result.response.data[0].name == 'cerulean' ........................ passed</system-out>
  </testcase>
</testsuite>
