<testsuite failures="0" name="src/test/java/featurefiles/karate04.feature" skipped="0" tests="1" time="0.042797">
  <testcase classname="src.test.java.featurefiles.karate04" name="multiple line of XML" time="0.042797">
    <system-out>Given def xml = ........................................................... passed
Then print xml ............................................................ passed
* match xml/info/id == 101 ................................................ passed</system-out>
  </testcase>
</testsuite>
