<testsuite failures="0" name="src/test/java/featurefiles/resttest.feature" skipped="0" tests="1" time="0.897347">
  <testcase classname="src.test.java.featurefiles.resttest" name="rest api testing1" time="0.897347">
    <system-out>Given url "https://www.w3schools.com/xml/tempconvert.asmx/CelsiusToFahrenheit" . passed
And header Content-Type = "application/x-www-form-urlencoded" ............. passed
And request "Celsius=40" .................................................. passed
When method post .......................................................... passed
Then status 200 ........................................................... passed</system-out>
  </testcase>
</testsuite>
