<testsuite failures="0" name="src/test/java/featurefiles/SoapTesting.feature" skipped="0" tests="1" time="1.007797">
  <testcase classname="src.test.java.featurefiles.SoapTesting" name="soap api testing1" time="1.007797">
    <system-out>Given url "https://www.w3schools.com/xml/tempconvert.asmx" ................ passed
And header Content-Type = "text/xml; charset=utf-8" ....................... passed
And request ............................................................... passed
When soap action "https://www.w3schools.com/xml/CelsiusToFahrenheit" ...... passed
Then status 200 ........................................................... passed
And match response contains "98.6" ........................................ passed
And match response //CelsiusToFahrenheitResult == "98.6" .................. passed
And match responseHeaders['Server'] == ['Microsoft-IIS/7.5'] .............. passed
And match responseHeaders['Server'][0] == 'Microsoft-IIS/7.5' ............. passed
And match responseType == "xml" ........................................... passed
And assert responseTime &lt;= 1000 ........................................... passed</system-out>
  </testcase>
</testsuite>
